2025-11-26 21:30:39.223 xcodebuild[5217:46899]  DVTFilePathFSEvents: Failed to start fs event stream.
2025-11-26 21:30:39.772 xcodebuild[5217:46882] [MT] DVTDeveloperPaths: Failed to get length of DARWIN_USER_CACHE_DIR from confstr(3), error = Error Domain=NSPOSIXErrorDomain Code=5 "Input/output error". Using NSCachesDirectory instead.
2025-11-26 21:30:40.724 xcodebuild[5217:46898] CoreSimulatorService connection became invalid.  Simulator services will no longer be available.
2025-11-26 21:30:40.725 xcodebuild[5217:46943] Logging connecton invalid: <OS_xpc_error: <dictionary: 0x7ff849764ed0> { count = 1, transaction: 0, voucher = 0x0, contents =
	"XPCErrorDescription" => <string: 0x7ff849765068> { length = 18, contents = "Connection invalid" }
}>
2025-11-26 21:30:40.726 xcodebuild[5217:46942] Error opening log file (/Users/benjaminpatin/Library/Logs/CoreSimulator/CoreSimulator.com.apple.dt.xcodebuild.log): Operation not permitted
[-[SimServiceContext sendRequest:]:1743] ERROR : Unable to deliver request ({
    "developer_dir" = "/Applications/Xcode.app/Contents/Developer";
    request = "set_developer_dir";
}) because we are not connected to CoreSimulatorService.
[-[SimDeviceType initWithBundle:error:]:239] ERROR : Error Domain=com.apple.CoreSimulator.SimError Code=402 "Unable to determine supported architectures for device type (/Library/Developer/CoreSimulator/Profiles/DeviceTypes/Apple Vision Pro (at 2732x2048).simdevicetype/Contents/Resources/profile.plist)" UserInfo={NSLocalizedDescription=Unable to determine supported architectures for device type (/Library/Developer/CoreSimulator/Profiles/DeviceTypes/Apple Vision Pro (at 2732x2048).simdevicetype/Contents/Resources/profile.plist)}
Command line invocation:
    /Applications/Xcode.app/Contents/Developer/usr/bin/xcodebuild -project Minutly.xcodeproj -scheme Minutly -configuration Debug CODE_SIGNING_ALLOWED=NO -derivedDataPath ./DerivedData build

Build settings from command line:
    CODE_SIGNING_ALLOWED = NO

[-[SimDeviceType initWithBundle:error:]:239] ERROR : Error Domain=com.apple.CoreSimulator.SimError Code=402 "Unable to determine supported architectures for device type (/Library/Developer/CoreSimulator/Profiles/DeviceTypes/Apple Vision Pro.simdevicetype/Contents/Resources/profile.plist)" UserInfo={NSLocalizedDescription=Unable to determine supported architectures for device type (/Library/Developer/CoreSimulator/Profiles/DeviceTypes/Apple Vision Pro.simdevicetype/Contents/Resources/profile.plist)}
2025-11-26 21:30:40.878 xcodebuild[5217:46882] [MT] DVTAssertions: Warning in DVTFrameworks/DVTFoundation/FileTypes/DVTFileDataTypeDetection.m:79
Details:  detectedTypeIdentifier (com.apple.binary-property-list) does not conform to matchedTypeIdentifier in MagicFileDataTypeDetector extenson com.apple.property-list. When both are specified, this conformance is required unless overridden by setting allowNonInheritance. extension.identifier:Xcode.MagicFileDataTypeDetector.BinaryPlist
Object:   <DVTFileDataTypeDetectionMagicCache: 0x7fa2f613e2b0>
Method:   -initWithExtension:
Thread:   <_NSMainThread: 0x7fa2f1b05840>{number = 1, name = main}
Please file a bug at https://feedbackassistant.apple.com with this warning message and any useful information you can provide.
2025-11-26 21:30:40.884 xcodebuild[5217:46882] [MT] DVTAssertions: Warning in DVTFrameworks/DVTFoundation/FileTypes/DVTFileDataTypeDetection.m:79
Details:  detectedTypeIdentifier (com.apple.xml-property-list) does not conform to matchedTypeIdentifier in MagicFileDataTypeDetector extenson com.apple.property-list. When both are specified, this conformance is required unless overridden by setting allowNonInheritance. extension.identifier:Xcode.MagicFileDataTypeDetector.XMLPlist
Object:   <DVTFileDataTypeDetectionMagicCache: 0x7fa2f637a4f0>
Method:   -initWithExtension:
Thread:   <_NSMainThread: 0x7fa2f1b05840>{number = 1, name = main}
Please file a bug at https://feedbackassistant.apple.com with this warning message and any useful information you can provide.
[-[SimServiceContext initWithDeveloperDir:connectionType:error:]:450] WARN  : Unable to discover any Simulator runtimes. Developer Directory is /Applications/Xcode.app/Contents/Developer.
[-[SimDiskImageManager init]:175] ERROR : Could not kickstart simdiskimaged; SimDiskImageManager services will not be available: Error Domain=NSPOSIXErrorDomain Code=53 "Software caused connection abort" UserInfo={NSLocalizedDescription=Error returned in reply from CoreSimulatorService: Connection invalid}
[-[SimDiskImageManager _onQueue_checkConnection:]:239] ERROR : simdiskimaged returned error (invalid), marking disconnected.
[-[SimDiskImageManager _onQueue_checkConnection:]:239] ERROR : simdiskimaged returned error (invalid), marking disconnected.
[-[SimServiceContext initWithDeveloperDir:connectionType:error:]_block_invoke:486] ERROR : Could not get list of trusted mount directories: Error Domain=com.apple.CoreSimulator.SimError Code=410 "The service used to manage runtime disk images (simdiskimaged) crashed or is not responding" UserInfo={NSLocalizedDescription=The service used to manage runtime disk images (simdiskimaged) crashed or is not responding}
[-[SimServiceContext sendRequest:reply:error:]:1763] ERROR : Unable to deliver request ({
    request = "notification_subscription";
    "set_path" = "/Users/benjaminpatin/Library/Developer/CoreSimulator/Devices";
}) because we are not connected to CoreSimulatorService.
2025-11-26 21:30:40.990 xcodebuild[5217:46943] Error Domain=NSPOSIXErrorDomain Code=61 "Connection refused" UserInfo={NSLocalizedDescription=CoreSimulatorService connection became invalid.  Simulator services will no longer be available.}
[-[SimServiceContext sendRequest:reply:error:]:1763] ERROR : Unable to deliver request ({
    request = "notification_subscription";
    "set_path" = "/Users/benjaminpatin/Library/Developer/CoreSimulator/Devices";
}) because we are not connected to CoreSimulatorService.
2025-11-26 21:30:40.992 xcodebuild[5217:46899] Error Domain=NSPOSIXErrorDomain Code=61 "Connection refused" UserInfo={NSLocalizedDescription=CoreSimulatorService connection became invalid.  Simulator services will no longer be available.}
2025-11-26 21:30:40.992 xcodebuild[5217:46943]  iOSSimulator: [SimServiceContext defaultDeviceSetWithError:] returned nil (Error Domain=NSPOSIXErrorDomain Code=61 "Connection refused" UserInfo={NSLocalizedFailureReason=Failed to subscribe to notifications from CoreSimulatorService., NSLocalizedDescription=Failed to initialize simulator device set., NSUnderlyingError=0x7fa2f6621040 {Error Domain=NSPOSIXErrorDomain Code=61 "Connection refused" UserInfo={NSLocalizedDescription=CoreSimulatorService connection became invalid.  Simulator services will no longer be available.}}}). Simulator device support disabled.
2025-11-26 21:30:40.993 xcodebuild[5217:46899]  IDESimulatorAvailability: startObservingSimulatorUpdates() FAILED to register SimDeviceSet observer
2025-11-26 21:30:41.549 xcodebuild[5217:46882] [MT] IDERunDestination: Supported platforms for the buildables in the current scheme is empty.
--- xcodebuild: WARNING: Using the first of multiple matching destinations:
{ platform:macOS, arch:x86_64, id:3CBD4254-A867-5473-9BCA-9A44F627C67B, name:My Mac }
{ platform:macOS, name:Any Mac }
2025-11-26 21:30:41.595 xcodebuild[5217:46899] XPC error for connection com.apple.backupd.sandbox.xpc: Connection invalid
ComputePackagePrebuildTargetDependencyGraph

Prepare packages

CreateBuildRequest

SendProjectDescription

CreateBuildOperation

ComputeTargetDependencyGraph
note: Building targets in dependency order
note: Target dependency graph (1 target)
    Target 'Minutly' in project 'Minutly' (no dependencies)

GatherProvisioningInputs

CreateBuildDescription

ExecuteExternalTool /Applications/Xcode.app/Contents/Developer/Toolchains/XcodeDefault.xctoolchain/usr/bin/clang -v -E -dM -isysroot /Applications/Xcode.app/Contents/Developer/Platforms/MacOSX.platform/Developer/SDKs/MacOSX26.1.sdk -x c -c /dev/null

ExecuteExternalTool /Applications/Xcode.app/Contents/Developer/usr/bin/actool --version --output-format xml1

ExecuteExternalTool /Applications/Xcode.app/Contents/Developer/Toolchains/XcodeDefault.xctoolchain/usr/bin/swiftc --version

ExecuteExternalTool /Applications/Xcode.app/Contents/Developer/Toolchains/XcodeDefault.xctoolchain/usr/bin/ld -version_details

Build description signature: 4e0b1878fba24e2b54fda4b93714f35c
Build description path: /Users/benjaminpatin/Documents/French SaaS/Minutly/Minutly/DerivedData/Build/Intermediates.noindex/XCBuildData/4e0b1878fba24e2b54fda4b93714f35c.xcbuilddata
ClangStatCache /Applications/Xcode.app/Contents/Developer/Toolchains/XcodeDefault.xctoolchain/usr/bin/clang-stat-cache /Applications/Xcode.app/Contents/Developer/Platforms/MacOSX.platform/Developer/SDKs/MacOSX26.1.sdk /Users/benjaminpatin/Documents/French\ SaaS/Minutly/Minutly/DerivedData/SDKStatCaches.noindex/macosx26.1-25B74-3ae1261907bdadc328169391a47051a6.sdkstatcache
    cd /Users/benjaminpatin/Documents/French\ SaaS/Minutly/Minutly/Minutly.xcodeproj
    /Applications/Xcode.app/Contents/Developer/Toolchains/XcodeDefault.xctoolchain/usr/bin/clang-stat-cache /Applications/Xcode.app/Contents/Developer/Platforms/MacOSX.platform/Developer/SDKs/MacOSX26.1.sdk -o /Users/benjaminpatin/Documents/French\ SaaS/Minutly/Minutly/DerivedData/SDKStatCaches.noindex/macosx26.1-25B74-3ae1261907bdadc328169391a47051a6.sdkstatcache
Failed to create FS event stream. Considering the cache up-to-date.

ProcessInfoPlistFile /Users/benjaminpatin/Documents/French\ SaaS/Minutly/Minutly/DerivedData/Build/Products/Debug/Minutly.app/Contents/Info.plist /Users/benjaminpatin/Documents/French\ SaaS/Minutly/Minutly/Info.plist (in target 'Minutly' from project 'Minutly')
    cd /Users/benjaminpatin/Documents/French\ SaaS/Minutly/Minutly
    builtin-infoPlistUtility /Users/benjaminpatin/Documents/French\ SaaS/Minutly/Minutly/Info.plist -producttype com.apple.product-type.application -genpkginfo /Users/benjaminpatin/Documents/French\ SaaS/Minutly/Minutly/DerivedData/Build/Products/Debug/Minutly.app/Contents/PkgInfo -expandbuildsettings -platform macosx -additionalcontentfile /Users/benjaminpatin/Documents/French\ SaaS/Minutly/Minutly/DerivedData/Build/Intermediates.noindex/Minutly.build/Debug/Minutly.build/assetcatalog_generated_info.plist -o /Users/benjaminpatin/Documents/French\ SaaS/Minutly/Minutly/DerivedData/Build/Products/Debug/Minutly.app/Contents/Info.plist

SwiftDriver Minutly normal x86_64 com.apple.xcode.tools.swift.compiler (in target 'Minutly' from project 'Minutly')
    cd /Users/benjaminpatin/Documents/French\ SaaS/Minutly/Minutly
    builtin-SwiftDriver -- /Applications/Xcode.app/Contents/Developer/Toolchains/XcodeDefault.xctoolchain/usr/bin/swiftc -module-name Minutly -Onone -enforce-exclusivity\=checked @/Users/benjaminpatin/Documents/French\ SaaS/Minutly/Minutly/DerivedData/Build/Intermediates.noindex/Minutly.build/Debug/Minutly.build/Objects-normal/x86_64/Minutly.SwiftFileList -DDEBUG -default-isolation\=MainActor -enable-bare-slash-regex -enable-upcoming-feature DisableOutwardActorInference -enable-upcoming-feature InferSendableFromCaptures -enable-upcoming-feature GlobalActorIsolatedTypesUsability -enable-upcoming-feature MemberImportVisibility -enable-upcoming-feature InferIsolatedConformances -enable-upcoming-feature NonisolatedNonsendingByDefault -enable-experimental-feature DebugDescriptionMacro -sdk /Applications/Xcode.app/Contents/Developer/Platforms/MacOSX.platform/Developer/SDKs/MacOSX26.1.sdk -target x86_64-apple-macos15.7 -g -module-cache-path /Users/benjaminpatin/Documents/French\ SaaS/Minutly/Minutly/DerivedData/ModuleCache.noindex -Xfrontend -serialize-debugging-options -enable-testing -index-store-path /Users/benjaminpatin/Documents/French\ SaaS/Minutly/Minutly/DerivedData/Index.noindex/DataStore -Xcc -D_LIBCPP_HARDENING_MODE\=_LIBCPP_HARDENING_MODE_DEBUG -swift-version 5 -I /Users/benjaminpatin/Documents/French\ SaaS/Minutly/Minutly/DerivedData/Build/Products/Debug -F /Users/benjaminpatin/Documents/French\ SaaS/Minutly/Minutly/DerivedData/Build/Products/Debug -emit-localized-strings -emit-localized-strings-path /Users/benjaminpatin/Documents/French\ SaaS/Minutly/Minutly/DerivedData/Build/Intermediates.noindex/Minutly.build/Debug/Minutly.build/Objects-normal/x86_64 -c -j8 -enable-batch-mode -incremental -Xcc -ivfsstatcache -Xcc /Users/benjaminpatin/Documents/French\ SaaS/Minutly/Minutly/DerivedData/SDKStatCaches.noindex/macosx26.1-25B74-3ae1261907bdadc328169391a47051a6.sdkstatcache -output-file-map /Users/benjaminpatin/Documents/French\ SaaS/Minutly/Minutly/DerivedData/Build/Intermediates.noindex/Minutly.build/Debug/Minutly.build/Objects-normal/x86_64/Minutly-OutputFileMap.json -use-frontend-parseable-output -save-temps -no-color-diagnostics -explicit-module-build -module-cache-path /Users/benjaminpatin/Documents/French\ SaaS/Minutly/Minutly/DerivedData/Build/Intermediates.noindex/SwiftExplicitPrecompiledModules -clang-scanner-module-cache-path /Users/benjaminpatin/Documents/French\ SaaS/Minutly/Minutly/DerivedData/ModuleCache.noindex -sdk-module-cache-path /Users/benjaminpatin/Documents/French\ SaaS/Minutly/Minutly/DerivedData/ModuleCache.noindex -serialize-diagnostics -emit-dependencies -emit-module -emit-module-path /Users/benjaminpatin/Documents/French\ SaaS/Minutly/Minutly/DerivedData/Build/Intermediates.noindex/Minutly.build/Debug/Minutly.build/Objects-normal/x86_64/Minutly.swiftmodule -validate-clang-modules-once -clang-build-session-file /Users/benjaminpatin/Documents/French\ SaaS/Minutly/Minutly/DerivedData/ModuleCache.noindex/Session.modulevalidation -Xcc -I/Users/benjaminpatin/Documents/French\ SaaS/Minutly/Minutly/DerivedData/Build/Intermediates.noindex/Minutly.build/Debug/Minutly.build/swift-overrides.hmap -emit-const-values -Xfrontend -const-gather-protocols-file -Xfrontend /Users/benjaminpatin/Documents/French\ SaaS/Minutly/Minutly/DerivedData/Build/Intermediates.noindex/Minutly.build/Debug/Minutly.build/Objects-normal/x86_64/Minutly_const_extract_protocols.json -Xcc -iquote -Xcc /Users/benjaminpatin/Documents/French\ SaaS/Minutly/Minutly/DerivedData/Build/Intermediates.noindex/Minutly.build/Debug/Minutly.build/Minutly-generated-files.hmap -Xcc -I/Users/benjaminpatin/Documents/French\ SaaS/Minutly/Minutly/DerivedData/Build/Intermediates.noindex/Minutly.build/Debug/Minutly.build/Minutly-own-target-headers.hmap -Xcc -I/Users/benjaminpatin/Documents/French\ SaaS/Minutly/Minutly/DerivedData/Build/Intermediates.noindex/Minutly.build/Debug/Minutly.build/Minutly-all-target-headers.hmap -Xcc -iquote -Xcc /Users/benjaminpatin/Documents/French\ SaaS/Minutly/Minutly/DerivedData/Build/Intermediates.noindex/Minutly.build/Debug/Minutly.build/Minutly-project-headers.hmap -Xcc -I/Users/benjaminpatin/Documents/French\ SaaS/Minutly/Minutly/DerivedData/Build/Products/Debug/include -Xcc -I/Users/benjaminpatin/Documents/French\ SaaS/Minutly/Minutly/DerivedData/Build/Intermediates.noindex/Minutly.build/Debug/Minutly.build/DerivedSources-normal/x86_64 -Xcc -I/Users/benjaminpatin/Documents/French\ SaaS/Minutly/Minutly/DerivedData/Build/Intermediates.noindex/Minutly.build/Debug/Minutly.build/DerivedSources/x86_64 -Xcc -I/Users/benjaminpatin/Documents/French\ SaaS/Minutly/Minutly/DerivedData/Build/Intermediates.noindex/Minutly.build/Debug/Minutly.build/DerivedSources -Xcc -DDEBUG\=1 -emit-objc-header -emit-objc-header-path /Users/benjaminpatin/Documents/French\ SaaS/Minutly/Minutly/DerivedData/Build/Intermediates.noindex/Minutly.build/Debug/Minutly.build/Objects-normal/x86_64/Minutly-Swift.h -working-directory /Users/benjaminpatin/Documents/French\ SaaS/Minutly/Minutly -experimental-emit-module-separately -disable-cmo

SwiftCompile normal x86_64 Compiling\ OpenAISummarizationService.swift,\ RecordingRow.swift /Users/benjaminpatin/Documents/French\ SaaS/Minutly/Minutly/Minutly/OpenAISummarizationService.swift /Users/benjaminpatin/Documents/French\ SaaS/Minutly/Minutly/Minutly/RecordingRow.swift (in target 'Minutly' from project 'Minutly')

SwiftCompile normal x86_64 /Users/benjaminpatin/Documents/French\ SaaS/Minutly/Minutly/Minutly/OpenAISummarizationService.swift (in target 'Minutly' from project 'Minutly')
    cd /Users/benjaminpatin/Documents/French\ SaaS/Minutly/Minutly
    
[-[SimDeviceType initWithBundle:error:]:239] ERROR : Error Domain=com.apple.CoreSimulator.SimError Code=402 "Unable to determine supported architectures for device type (/Library/Developer/CoreSimulator/Profiles/DeviceTypes/Apple Vision Pro (at 2732x2048).simdevicetype/Contents/Resources/profile.plist)" UserInfo={NSLocalizedDescription=Unable to determine supported architectures for device type (/Library/Developer/CoreSimulator/Profiles/DeviceTypes/Apple Vision Pro (at 2732x2048).simdevicetype/Contents/Resources/profile.plist)}
[-[SimDeviceType initWithBundle:error:]:239] ERROR : Error Domain=com.apple.CoreSimulator.SimError Code=402 "Unable to determine supported architectures for device type (/Library/Developer/CoreSimulator/Profiles/DeviceTypes/Apple Vision Pro.simdevicetype/Contents/Resources/profile.plist)" UserInfo={NSLocalizedDescription=Unable to determine supported architectures for device type (/Library/Developer/CoreSimulator/Profiles/DeviceTypes/Apple Vision Pro.simdevicetype/Contents/Resources/profile.plist)}

SwiftCompile normal x86_64 /Users/benjaminpatin/Documents/French\ SaaS/Minutly/Minutly/Minutly/RecordingRow.swift (in target 'Minutly' from project 'Minutly')
    cd /Users/benjaminpatin/Documents/French\ SaaS/Minutly/Minutly
    

SwiftCompile normal x86_64 Compiling\ AssemblyAIService.swift,\ AudioPlayerView.swift /Users/benjaminpatin/Documents/French\ SaaS/Minutly/Minutly/Minutly/AssemblyAIService.swift /Users/benjaminpatin/Documents/French\ SaaS/Minutly/Minutly/Minutly/AudioPlayerView.swift (in target 'Minutly' from project 'Minutly')
SwiftCompile normal x86_64 /Users/benjaminpatin/Documents/French\ SaaS/Minutly/Minutly/Minutly/AssemblyAIService.swift (in target 'Minutly' from project 'Minutly')
    cd /Users/benjaminpatin/Documents/French\ SaaS/Minutly/Minutly
    

SwiftCompile normal x86_64 /Users/benjaminpatin/Documents/French\ SaaS/Minutly/Minutly/Minutly/AudioPlayerView.swift (in target 'Minutly' from project 'Minutly')
    cd /Users/benjaminpatin/Documents/French\ SaaS/Minutly/Minutly
    

SwiftCompile normal x86_64 Compiling\ MenuBarController.swift,\ MinutlyApp.swift /Users/benjaminpatin/Documents/French\ SaaS/Minutly/Minutly/Minutly/MenuBarController.swift /Users/benjaminpatin/Documents/French\ SaaS/Minutly/Minutly/Minutly/MinutlyApp.swift (in target 'Minutly' from project 'Minutly')

SwiftCompile normal x86_64 /Users/benjaminpatin/Documents/French\ SaaS/Minutly/Minutly/Minutly/MenuBarController.swift (in target 'Minutly' from project 'Minutly')
    cd /Users/benjaminpatin/Documents/French\ SaaS/Minutly/Minutly
    

SwiftCompile normal x86_64 /Users/benjaminpatin/Documents/French\ SaaS/Minutly/Minutly/Minutly/MinutlyApp.swift (in target 'Minutly' from project 'Minutly')
    cd /Users/benjaminpatin/Documents/French\ SaaS/Minutly/Minutly
    

SwiftCompile normal x86_64 Compiling\ SummaryView.swift,\ TranscriptionService.swift /Users/benjaminpatin/Documents/French\ SaaS/Minutly/Minutly/Minutly/SummaryView.swift /Users/benjaminpatin/Documents/French\ SaaS/Minutly/Minutly/Minutly/TranscriptionService.swift (in target 'Minutly' from project 'Minutly')
sandbox-exec: sandbox_apply: Operation not permitted

SwiftCompile normal x86_64 /Users/benjaminpatin/Documents/French\ SaaS/Minutly/Minutly/Minutly/SummaryView.swift (in target 'Minutly' from project 'Minutly')
    cd /Users/benjaminpatin/Documents/French\ SaaS/Minutly/Minutly
    
/Users/benjaminpatin/Documents/French SaaS/Minutly/Minutly/Minutly/SummaryView.swift:153:1: error: external macro implementation type 'PreviewsMacros.SwiftUIView' could not be found for macro 'Preview(_:body:)'; '/Applications/Xcode.app/Contents/Developer/Platforms/MacOSX.platform/Developer/usr/bin/swift-plugin-server' produced malformed response
#Preview {
^
SwiftUI.Preview:2:41: note: 'Preview(_:body:)' declared here
@freestanding(declaration) public macro Preview(_ name: String? = nil, @ViewBuilder body: @escaping @MainActor () -> any View) = #externalMacro(module: "PreviewsMacros", type: "SwiftUIView")
                                        ^

SwiftCompile normal x86_64 /Users/benjaminpatin/Documents/French\ SaaS/Minutly/Minutly/Minutly/TranscriptionService.swift (in target 'Minutly' from project 'Minutly')
    cd /Users/benjaminpatin/Documents/French\ SaaS/Minutly/Minutly
    

SwiftCompile normal x86_64 Compiling\ WaveformView.swift /Users/benjaminpatin/Documents/French\ SaaS/Minutly/Minutly/Minutly/WaveformView.swift (in target 'Minutly' from project 'Minutly')
SwiftCompile normal x86_64 /Users/benjaminpatin/Documents/French\ SaaS/Minutly/Minutly/Minutly/WaveformView.swift (in target 'Minutly' from project 'Minutly')
    cd /Users/benjaminpatin/Documents/French\ SaaS/Minutly/Minutly
    

SwiftCompile normal x86_64 Compiling\ GeneratedAssetSymbols.swift /Users/benjaminpatin/Documents/French\ SaaS/Minutly/Minutly/DerivedData/Build/Intermediates.noindex/Minutly.build/Debug/Minutly.build/DerivedSources/GeneratedAssetSymbols.swift (in target 'Minutly' from project 'Minutly')

SwiftCompile normal x86_64 /Users/benjaminpatin/Documents/French\ SaaS/Minutly/Minutly/DerivedData/Build/Intermediates.noindex/Minutly.build/Debug/Minutly.build/DerivedSources/GeneratedAssetSymbols.swift (in target 'Minutly' from project 'Minutly')
    cd /Users/benjaminpatin/Documents/French\ SaaS/Minutly/Minutly
    

SwiftCompile normal x86_64 Compiling\ CalendarMonitorService.swift,\ ContentView.swift /Users/benjaminpatin/Documents/French\ SaaS/Minutly/Minutly/Minutly/CalendarMonitorService.swift /Users/benjaminpatin/Documents/French\ SaaS/Minutly/Minutly/Minutly/ContentView.swift (in target 'Minutly' from project 'Minutly')
sandbox-exec: sandbox_apply: Operation not permitted

SwiftCompile normal x86_64 /Users/benjaminpatin/Documents/French\ SaaS/Minutly/Minutly/Minutly/CalendarMonitorService.swift (in target 'Minutly' from project 'Minutly')
    cd /Users/benjaminpatin/Documents/French\ SaaS/Minutly/Minutly
    

SwiftCompile normal x86_64 /Users/benjaminpatin/Documents/French\ SaaS/Minutly/Minutly/Minutly/ContentView.swift (in target 'Minutly' from project 'Minutly')
    cd /Users/benjaminpatin/Documents/French\ SaaS/Minutly/Minutly
    
/Users/benjaminpatin/Documents/French SaaS/Minutly/Minutly/Minutly/ContentView.swift:221:1: error: external macro implementation type 'PreviewsMacros.SwiftUIView' could not be found for macro 'Preview(_:body:)'; '/Applications/Xcode.app/Contents/Developer/Platforms/MacOSX.platform/Developer/usr/bin/swift-plugin-server' produced malformed response
#Preview {
^
SwiftUI.Preview:2:41: note: 'Preview(_:body:)' declared here
@freestanding(declaration) public macro Preview(_ name: String? = nil, @ViewBuilder body: @escaping @MainActor () -> any View) = #externalMacro(module: "PreviewsMacros", type: "SwiftUIView")
                                        ^

SwiftCompile normal x86_64 Compiling\ ScreenRecorder.swift,\ SettingsView.swift /Users/benjaminpatin/Documents/French\ SaaS/Minutly/Minutly/Minutly/ScreenRecorder.swift /Users/benjaminpatin/Documents/French\ SaaS/Minutly/Minutly/Minutly/SettingsView.swift (in target 'Minutly' from project 'Minutly')
sandbox-exec: sandbox_apply: Operation not permitted
Failed frontend command:
/Applications/Xcode.app/Contents/Developer/Toolchains/XcodeDefault.xctoolchain/usr/bin/swift-frontend -frontend -c /Users/benjaminpatin/Documents/French\ SaaS/Minutly/Minutly/Minutly/AssemblyAIService.swift /Users/benjaminpatin/Documents/French\ SaaS/Minutly/Minutly/Minutly/AudioPlayerView.swift /Users/benjaminpatin/Documents/French\ SaaS/Minutly/Minutly/Minutly/CalendarMonitorService.swift /Users/benjaminpatin/Documents/French\ SaaS/Minutly/Minutly/Minutly/ContentView.swift /Users/benjaminpatin/Documents/French\ SaaS/Minutly/Minutly/Minutly/MenuBarController.swift /Users/benjaminpatin/Documents/French\ SaaS/Minutly/Minutly/Minutly/MinutlyApp.swift /Users/benjaminpatin/Documents/French\ SaaS/Minutly/Minutly/Minutly/OpenAISummarizationService.swift /Users/benjaminpatin/Documents/French\ SaaS/Minutly/Minutly/Minutly/RecordingRow.swift -primary-file /Users/benjaminpatin/Documents/French\ SaaS/Minutly/Minutly/Minutly/ScreenRecorder.swift -primary-file /Users/benjaminpatin/Documents/French\ SaaS/Minutly/Minutly/Minutly/SettingsView.swift /Users/benjaminpatin/Documents/French\ SaaS/Minutly/Minutly/Minutly/SummaryView.swift /Users/benjaminpatin/Documents/French\ SaaS/Minutly/Minutly/Minutly/TranscriptionService.swift /Users/benjaminpatin/Documents/French\ SaaS/Minutly/Minutly/Minutly/WaveformView.swift /Users/benjaminpatin/Documents/French\ SaaS/Minutly/Minutly/DerivedData/Build/Intermediates.noindex/Minutly.build/Debug/Minutly.build/DerivedSources/GeneratedAssetSymbols.swift -emit-dependencies-path /Users/benjaminpatin/Documents/French\ SaaS/Minutly/Minutly/DerivedData/Build/Intermediates.noindex/Minutly.build/Debug/Minutly.build/Objects-normal/x86_64/ScreenRecorder.d -emit-const-values-path /Users/benjaminpatin/Documents/French\ SaaS/Minutly/Minutly/DerivedData/Build/Intermediates.noindex/Minutly.build/Debug/Minutly.build/Objects-normal/x86_64/ScreenRecorder.swiftconstvalues -emit-reference-dependencies-path /Users/benjaminpatin/Documents/French\ SaaS/Minutly/Minutly/DerivedData/Build/Intermediates.noindex/Minutly.build/Debug/Minutly.build/Objects-normal/x86_64/ScreenRecorder.swiftdeps -serialize-diagnostics-path /Users/benjaminpatin/Documents/French\ SaaS/Minutly/Minutly/DerivedData/Build/Intermediates.noindex/Minutly.build/Debug/Minutly.build/Objects-normal/x86_64/ScreenRecorder.dia -emit-dependencies-path /Users/benjaminpatin/Documents/French\ SaaS/Minutly/Minutly/DerivedData/Build/Intermediates.noindex/Minutly.build/Debug/Minutly.build/Objects-normal/x86_64/SettingsView.d -emit-const-values-path /Users/benjaminpatin/Documents/French\ SaaS/Minutly/Minutly/DerivedData/Build/Intermediates.noindex/Minutly.build/Debug/Minutly.build/Objects-normal/x86_64/SettingsView.swiftconstvalues -emit-reference-dependencies-path /Users/benjaminpatin/Documents/French\ SaaS/Minutly/Minutly/DerivedData/Build/Intermediates.noindex/Minutly.build/Debug/Minutly.build/Objects-normal/x86_64/SettingsView.swiftdeps -serialize-diagnostics-path /Users/benjaminpatin/Documents/French\ SaaS/Minutly/Minutly/DerivedData/Build/Intermediates.noindex/Minutly.build/Debug/Minutly.build/Objects-normal/x86_64/SettingsView.dia -emit-localized-strings -emit-localized-strings-path /Users/benjaminpatin/Documents/French\ SaaS/Minutly/Minutly/DerivedData/Build/Intermediates.noindex/Minutly.build/Debug/Minutly.build/Objects-normal/x86_64 -target x86_64-apple-macos15.7 -module-can-import-version AppKit 2685.20.119 2685.20.119 -module-can-import-version DeveloperToolsSupport 23.0.4 23.0.4 -module-can-import-version SwiftUI 7.1.13.1 7.1.13 -load-resolved-plugin /Applications/Xcode.app/Contents/Developer/Platforms/MacOSX.platform/Developer/usr/lib/swift/host/plugins/libFoundationMacros.dylib\#/Applications/Xcode.app/Contents/Developer/Platforms/MacOSX.platform/Developer/usr/bin/swift-plugin-server\#FoundationMacros -load-resolved-plugin /Applications/Xcode.app/Contents/Developer/Platforms/MacOSX.platform/Developer/usr/lib/swift/host/plugins/libObservationMacros.dylib\#/Applications/Xcode.app/Contents/Developer/Platforms/MacOSX.platform/Developer/usr/bin/swift-plugin-server\#ObservationMacros -load-resolved-plugin /Applications/Xcode.app/Contents/Developer/Platforms/MacOSX.platform/Developer/usr/lib/swift/host/plugins/libPreviewsMacros.dylib\#/Applications/Xcode.app/Contents/Developer/Platforms/MacOSX.platform/Developer/usr/bin/swift-plugin-server\#PreviewsMacros -load-resolved-plugin /Applications/Xcode.app/Contents/Developer/Platforms/MacOSX.platform/Developer/usr/lib/swift/host/plugins/libSwiftMacros.dylib\#/Applications/Xcode.app/Contents/Developer/Platforms/MacOSX.platform/Developer/usr/bin/swift-plugin-server\#SwiftMacros -load-resolved-plugin /Applications/Xcode.app/Contents/Developer/Platforms/MacOSX.platform/Developer/usr/lib/swift/host/plugins/libSwiftUIMacros.dylib\#/Applications/Xcode.app/Contents/Developer/Platforms/MacOSX.platform/Developer/usr/bin/swift-plugin-server\#SwiftUIMacros -disable-implicit-swift-modules -Xcc -fno-implicit-modules -Xcc -fno-implicit-module-maps -explicit-swift-module-map-file /Users/benjaminpatin/Documents/French\ SaaS/Minutly/Minutly/DerivedData/Build/Intermediates.noindex/Minutly.build/Debug/Minutly.build/Objects-normal/x86_64/Minutly-dependencies-1.json -enable-objc-interop -stack-check -sdk /Applications/Xcode.app/Contents/Developer/Platforms/MacOSX.platform/Developer/SDKs/MacOSX26.1.sdk -I /Users/benjaminpatin/Documents/French\ SaaS/Minutly/Minutly/DerivedData/Build/Products/Debug -F /Users/benjaminpatin/Documents/French\ SaaS/Minutly/Minutly/DerivedData/Build/Products/Debug -no-color-diagnostics -Xcc -fno-color-diagnostics -enable-testing -g -debug-info-format\=dwarf -dwarf-version\=5 -module-cache-path /Users/benjaminpatin/Documents/French\ SaaS/Minutly/Minutly/DerivedData/Build/Intermediates.noindex/SwiftExplicitPrecompiledModules -swift-version 5 -enforce-exclusivity\=checked -Onone -D DEBUG -serialize-debugging-options -const-gather-protocols-file /Users/benjaminpatin/Documents/French\ SaaS/Minutly/Minutly/DerivedData/Build/Intermediates.noindex/Minutly.build/Debug/Minutly.build/Objects-normal/x86_64/Minutly_const_extract_protocols.json -enable-upcoming-feature DisableOutwardActorInference -enable-upcoming-feature InferSendableFromCaptures -enable-upcoming-feature GlobalActorIsolatedTypesUsability -enable-upcoming-feature MemberImportVisibility -enable-upcoming-feature InferIsolatedConformances -enable-upcoming-feature NonisolatedNonsendingByDefault -enable-experimental-feature DebugDescriptionMacro -enable-bare-slash-regex -default-isolation\=MainActor -empty-abi-descriptor -validate-clang-modules-once -clang-build-session-file /Users/benjaminpatin/Documents/French\ SaaS/Minutly/Minutly/DerivedData/ModuleCache.noindex/Session.modulevalidation -Xcc -working-directory -Xcc /Users/benjaminpatin/Documents/French\ SaaS/Minutly/Minutly -enable-anonymous-context-mangled-names -file-compilation-dir /Users/benjaminpatin/Documents/French\ SaaS/Minutly/Minutly -Xcc -D_LIBCPP_HARDENING_MODE\=_LIBCPP_HARDENING_MODE_DEBUG -Xcc -ivfsstatcache -Xcc /Users/benjaminpatin/Documents/French\ SaaS/Minutly/Minutly/DerivedData/SDKStatCaches.noindex/macosx26.1-25B74-3ae1261907bdadc328169391a47051a6.sdkstatcache -Xcc -I/Users/benjaminpatin/Documents/French\ SaaS/Minutly/Minutly/DerivedData/Build/Intermediates.noindex/Minutly.build/Debug/Minutly.build/swift-overrides.hmap -Xcc -iquote -Xcc /Users/benjaminpatin/Documents/French\ SaaS/Minutly/Minutly/DerivedData/Build/Intermediates.noindex/Minutly.build/Debug/Minutly.build/Minutly-generated-files.hmap -Xcc -I/Users/benjaminpatin/Documents/French\ SaaS/Minutly/Minutly/DerivedData/Build/Intermediates.noindex/Minutly.build/Debug/Minutly.build/Minutly-own-target-headers.hmap -Xcc -I/Users/benjaminpatin/Documents/French\ SaaS/Minutly/Minutly/DerivedData/Build/Intermediates.noindex/Minutly.build/Debug/Minutly.build/Minutly-all-target-headers.hmap -Xcc -iquote -Xcc /Users/benjaminpatin/Documents/French\ SaaS/Minutly/Minutly/DerivedData/Build/Intermediates.noindex/Minutly.build/Debug/Minutly.build/Minutly-project-headers.hmap -Xcc -I/Users/benjaminpatin/Documents/French\ SaaS/Minutly/Minutly/DerivedData/Build/Products/Debug/include -Xcc -I/Users/benjaminpatin/Documents/French\ SaaS/Minutly/Minutly/DerivedData/Build/Intermediates.noindex/Minutly.build/Debug/Minutly.build/DerivedSources-normal/x86_64 -Xcc -I/Users/benjaminpatin/Documents/French\ SaaS/Minutly/Minutly/DerivedData/Build/Intermediates.noindex/Minutly.build/Debug/Minutly.build/DerivedSources/x86_64 -Xcc -I/Users/benjaminpatin/Documents/French\ SaaS/Minutly/Minutly/DerivedData/Build/Intermediates.noindex/Minutly.build/Debug/Minutly.build/DerivedSources -Xcc -DDEBUG\=1 -no-auto-bridging-header-chaining -module-name Minutly -frontend-parseable-output -disable-clang-spi -target-sdk-version 26.1 -target-sdk-name macosx26.1 -clang-target x86_64-apple-macos26.1 -in-process-plugin-server-path /Applications/Xcode.app/Contents/Developer/Toolchains/XcodeDefault.xctoolchain/usr/lib/swift/host/libSwiftInProcPluginServer.dylib -o /Users/benjaminpatin/Documents/French\ SaaS/Minutly/Minutly/DerivedData/Build/Intermediates.noindex/Minutly.build/Debug/Minutly.build/Objects-normal/x86_64/ScreenRecorder.o -o /Users/benjaminpatin/Documents/French\ SaaS/Minutly/Minutly/DerivedData/Build/Intermediates.noindex/Minutly.build/Debug/Minutly.build/Objects-normal/x86_64/SettingsView.o -index-unit-output-path /Minutly.build/Debug/Minutly.build/Objects-normal/x86_64/ScreenRecorder.o -index-unit-output-path /Minutly.build/Debug/Minutly.build/Objects-normal/x86_64/SettingsView.o -index-store-path /Users/benjaminpatin/Documents/French\ SaaS/Minutly/Minutly/DerivedData/Index.noindex/DataStore -index-system-modules

SwiftCompile normal x86_64 /Users/benjaminpatin/Documents/French\ SaaS/Minutly/Minutly/Minutly/ScreenRecorder.swift (in target 'Minutly' from project 'Minutly')
    cd /Users/benjaminpatin/Documents/French\ SaaS/Minutly/Minutly
    

SwiftCompile normal x86_64 /Users/benjaminpatin/Documents/French\ SaaS/Minutly/Minutly/Minutly/SettingsView.swift (in target 'Minutly' from project 'Minutly')
    cd /Users/benjaminpatin/Documents/French\ SaaS/Minutly/Minutly
    
/Users/benjaminpatin/Documents/French SaaS/Minutly/Minutly/Minutly/SettingsView.swift:321:1: error: external macro implementation type 'PreviewsMacros.SwiftUIView' could not be found for macro 'Preview(_:body:)'; '/Applications/Xcode.app/Contents/Developer/Platforms/MacOSX.platform/Developer/usr/bin/swift-plugin-server' produced malformed response
#Preview {
^
SwiftUI.Preview:2:41: note: 'Preview(_:body:)' declared here
@freestanding(declaration) public macro Preview(_ name: String? = nil, @ViewBuilder body: @escaping @MainActor () -> any View) = #externalMacro(module: "PreviewsMacros", type: "SwiftUIView")
                                        ^

SwiftEmitModule normal x86_64 Emitting\ module\ for\ Minutly (in target 'Minutly' from project 'Minutly')

EmitSwiftModule normal x86_64 (in target 'Minutly' from project 'Minutly')
    cd /Users/benjaminpatin/Documents/French\ SaaS/Minutly/Minutly
    

SwiftDriverJobDiscovery normal x86_64 Compiling MenuBarController.swift, MinutlyApp.swift (in target 'Minutly' from project 'Minutly')

** BUILD FAILED **


The following build commands failed:
	SwiftCompile normal x86_64 /Users/benjaminpatin/Documents/French\ SaaS/Minutly/Minutly/Minutly/SummaryView.swift (in target 'Minutly' from project 'Minutly')
	SwiftCompile normal x86_64 /Users/benjaminpatin/Documents/French\ SaaS/Minutly/Minutly/Minutly/ContentView.swift (in target 'Minutly' from project 'Minutly')
	SwiftCompile normal x86_64 Compiling\ ScreenRecorder.swift,\ SettingsView.swift /Users/benjaminpatin/Documents/French\ SaaS/Minutly/Minutly/Minutly/ScreenRecorder.swift /Users/benjaminpatin/Documents/French\ SaaS/Minutly/Minutly/Minutly/SettingsView.swift (in target 'Minutly' from project 'Minutly')
	SwiftCompile normal x86_64 /Users/benjaminpatin/Documents/French\ SaaS/Minutly/Minutly/Minutly/SettingsView.swift (in target 'Minutly' from project 'Minutly')
	Building project Minutly with scheme Minutly and configuration Debug
(5 failures)
